Grammar

    0 $accept: program $end

    1 program: REG ASSIGN expr SEMI

    2 expr: IMMEDIATE
    3     | REG
    4     | expr PLUS expr
    5     | expr MINUS expr
    6     | LPAREN expr RPAREN
    7     | MINUS expr
    8     | LBRACKET expr RBRACKET


Terminals, with rules where they appear

    $end (0) 0
    error (256)
    REG <reg> (258) 1 3
    IMMEDIATE <reg> (259) 2
    ASSIGN (260) 1
    SEMI (261) 1
    PLUS (262) 4
    MINUS (263) 5 7
    LPAREN (264) 6
    RPAREN (265) 6
    LBRACKET (266) 8
    RBRACKET (267) 8


Nonterminals, with rules where they appear

    $accept (13)
        on left: 0
    program (14)
        on left: 1
        on right: 0
    expr <reg> (15)
        on left: 2 3 4 5 6 7 8
        on right: 1 4 5 6 7 8


State 0

    0 $accept: . program $end

    REG  shift, and go to state 1

    program  go to state 2


State 1

    1 program: REG . ASSIGN expr SEMI

    ASSIGN  shift, and go to state 3


State 2

    0 $accept: program . $end

    $end  shift, and go to state 4


State 3

    1 program: REG ASSIGN . expr SEMI

    REG        shift, and go to state 5
    IMMEDIATE  shift, and go to state 6
    MINUS      shift, and go to state 7
    LPAREN     shift, and go to state 8
    LBRACKET   shift, and go to state 9

    expr  go to state 10


State 4

    0 $accept: program $end .

    $default  accept


State 5

    3 expr: REG .

    $default  reduce using rule 3 (expr)


State 6

    2 expr: IMMEDIATE .

    $default  reduce using rule 2 (expr)


State 7

    7 expr: MINUS . expr

    REG        shift, and go to state 5
    IMMEDIATE  shift, and go to state 6
    MINUS      shift, and go to state 7
    LPAREN     shift, and go to state 8
    LBRACKET   shift, and go to state 9

    expr  go to state 11


State 8

    6 expr: LPAREN . expr RPAREN

    REG        shift, and go to state 5
    IMMEDIATE  shift, and go to state 6
    MINUS      shift, and go to state 7
    LPAREN     shift, and go to state 8
    LBRACKET   shift, and go to state 9

    expr  go to state 12


State 9

    8 expr: LBRACKET . expr RBRACKET

    REG        shift, and go to state 5
    IMMEDIATE  shift, and go to state 6
    MINUS      shift, and go to state 7
    LPAREN     shift, and go to state 8
    LBRACKET   shift, and go to state 9

    expr  go to state 13


State 10

    1 program: REG ASSIGN expr . SEMI
    4 expr: expr . PLUS expr
    5     | expr . MINUS expr

    SEMI   shift, and go to state 14
    PLUS   shift, and go to state 15
    MINUS  shift, and go to state 16


State 11

    4 expr: expr . PLUS expr
    5     | expr . MINUS expr
    7     | MINUS expr .

    $default  reduce using rule 7 (expr)


State 12

    4 expr: expr . PLUS expr
    5     | expr . MINUS expr
    6     | LPAREN expr . RPAREN

    PLUS    shift, and go to state 15
    MINUS   shift, and go to state 16
    RPAREN  shift, and go to state 17


State 13

    4 expr: expr . PLUS expr
    5     | expr . MINUS expr
    8     | LBRACKET expr . RBRACKET

    PLUS      shift, and go to state 15
    MINUS     shift, and go to state 16
    RBRACKET  shift, and go to state 18


State 14

    1 program: REG ASSIGN expr SEMI .

    $default  reduce using rule 1 (program)


State 15

    4 expr: expr PLUS . expr

    REG        shift, and go to state 5
    IMMEDIATE  shift, and go to state 6
    MINUS      shift, and go to state 7
    LPAREN     shift, and go to state 8
    LBRACKET   shift, and go to state 9

    expr  go to state 19


State 16

    5 expr: expr MINUS . expr

    REG        shift, and go to state 5
    IMMEDIATE  shift, and go to state 6
    MINUS      shift, and go to state 7
    LPAREN     shift, and go to state 8
    LBRACKET   shift, and go to state 9

    expr  go to state 20


State 17

    6 expr: LPAREN expr RPAREN .

    $default  reduce using rule 6 (expr)


State 18

    8 expr: LBRACKET expr RBRACKET .

    $default  reduce using rule 8 (expr)


State 19

    4 expr: expr . PLUS expr
    4     | expr PLUS expr .
    5     | expr . MINUS expr

    $default  reduce using rule 4 (expr)


State 20

    4 expr: expr . PLUS expr
    5     | expr . MINUS expr
    5     | expr MINUS expr .

    $default  reduce using rule 5 (expr)
